# JRE version: OpenJDK Runtime Environment Temurin-21.0.5+11 (21.0.5+11) (build 21.0.5+11-LTS)
# Java VM: OpenJDK 64-Bit Server VM Temurin-21.0.5+11 (21.0.5+11-LTS, mixed mode, sharing, tiered, compressed oops, compressed class ptrs, parallel gc, windows-amd64)
GC Precious Log:
 CardTable entry size: 512
 CPUs: 8 total, 8 available
 Memory: 7995M
 Large Page Support: Disabled
 NUMA Support: Disabled
 Compressed Oops: Enabled (32-bit)
 Alignments: Space 512K, Generation 512K, Heap 2M
 Heap Min Capacity: 100M
 Heap Initial Capacity: 100M
 Heap Max Capacity: 1G
 Pre-touch: Disabled
 Parallel Workers: 8
Heap:
 PSYoungGen      total 11776K, used 11316K [0x00000000eab00000, 0x00000000eb800000, 0x0000000100000000)
  eden space 10240K, 99% used [0x00000000eab00000,0x00000000eb4fffe0,0x00000000eb500000)
  from space 1536K, 70% used [0x00000000eb500000,0x00000000eb60d248,0x00000000eb680000)
  to   space 1536K, 0% used [0x00000000eb680000,0x00000000eb680000,0x00000000eb800000)
 ParOldGen       total 232448K, used 232106K [0x00000000c0000000, 0x00000000ce300000, 0x00000000eab00000)
  object space 232448K, 99% used [0x00000000c0000000,0x00000000ce2aab88,0x00000000ce300000)
 Metaspace       used 71235K, committed 72704K, reserved 1114112K
  class space    used 7398K, committed 8128K, reserved 1048576K
GC Heap History (20 events):
Event: 1231.750 GC heap before
{Heap before GC invocations=1559 (full 5):
 PSYoungGen      total 8704K, used 8672K [0x00000000eab00000, 0x00000000eb580000, 0x0000000100000000)
  eden space 7680K, 100% used [0x00000000eab00000,0x00000000eb280000,0x00000000eb280000)
  from space 1024K, 96% used [0x00000000eb300000,0x00000000eb3f8000,0x00000000eb400000)
  to   space 1536K, 0% used [0x00000000eb400000,0x00000000eb400000,0x00000000eb580000)
 ParOldGen       total 203264K, used 202995K [0x00000000c0000000, 0x00000000cc680000, 0x00000000eab00000)
  object space 203264K, 99% used [0x00000000c0000000,0x00000000cc63cd38,0x00000000cc680000)
 Metaspace       used 71158K, committed 72640K, reserved 1114112K
  class space    used 7396K, committed 8128K, reserved 1048576K
}
Event: 1231.756 GC heap after
{Heap after GC invocations=1559 (full 5):
 PSYoungGen      total 9216K, used 1265K [0x00000000eab00000, 0x00000000eb580000, 0x0000000100000000)
  eden space 7680K, 0% used [0x00000000eab00000,0x00000000eab00000,0x00000000eb280000)
  from space 1536K, 82% used [0x00000000eb400000,0x00000000eb53c410,0x00000000eb580000)
  to   space 1536K, 0% used [0x00000000eb280000,0x00000000eb280000,0x00000000eb400000)
 ParOldGen       total 207872K, used 206934K [0x00000000c0000000, 0x00000000ccb00000, 0x00000000eab00000)
  object space 207872K, 99% used [0x00000000c0000000,0x00000000cca158f8,0x00000000ccb00000)
 Metaspace       used 71158K, committed 72640K, reserved 1114112K
  class space    used 7396K, committed 8128K, reserved 1048576K
}
Event: 1231.797 GC heap before
{Heap before GC invocations=1560 (full 5):
 PSYoungGen      total 9216K, used 8945K [0x00000000eab00000, 0x00000000eb580000, 0x0000000100000000)
  eden space 7680K, 100% used [0x00000000eab00000,0x00000000eb280000,0x00000000eb280000)
  from space 1536K, 82% used [0x00000000eb400000,0x00000000eb53c410,0x00000000eb580000)
  to   space 1536K, 0% used [0x00000000eb280000,0x00000000eb280000,0x00000000eb400000)
 ParOldGen       total 207872K, used 206934K [0x00000000c0000000, 0x00000000ccb00000, 0x00000000eab00000)
  object space 207872K, 99% used [0x00000000c0000000,0x00000000cca158f8,0x00000000ccb00000)
 Metaspace       used 71159K, committed 72640K, reserved 1114112K
  class space    used 7396K, committed 8128K, reserved 1048576K
}
Event: 1231.801 GC heap after
{Heap after GC invocations=1560 (full 5):
 PSYoungGen      total 9216K, used 1010K [0x00000000eab00000, 0x00000000eb580000, 0x0000000100000000)
  eden space 7680K, 0% used [0x00000000eab00000,0x00000000eab00000,0x00000000eb280000)
  from space 1536K, 65% used [0x00000000eb280000,0x00000000eb37cab8,0x00000000eb400000)
  to   space 1536K, 0% used [0x00000000eb400000,0x00000000eb400000,0x00000000eb580000)
 ParOldGen       total 214016K, used 212070K [0x00000000c0000000, 0x00000000cd100000, 0x00000000eab00000)
  object space 214016K, 99% used [0x00000000c0000000,0x00000000ccf19a98,0x00000000cd100000)
 Metaspace       used 71159K, committed 72640K, reserved 1114112K
  class space    used 7396K, committed 8128K, reserved 1048576K
}
Event: 1231.818 GC heap before
{Heap before GC invocations=1561 (full 5):
 PSYoungGen      total 9216K, used 8565K [0x00000000eab00000, 0x00000000eb580000, 0x0000000100000000)
  eden space 7680K, 98% used [0x00000000eab00000,0x00000000eb260bd8,0x00000000eb280000)
  from space 1536K, 65% used [0x00000000eb280000,0x00000000eb37cab8,0x00000000eb400000)
  to   space 1536K, 0% used [0x00000000eb400000,0x00000000eb400000,0x00000000eb580000)
 ParOldGen       total 214016K, used 212070K [0x00000000c0000000, 0x00000000cd100000, 0x00000000eab00000)
  object space 214016K, 99% used [0x00000000c0000000,0x00000000ccf19a98,0x00000000cd100000)
 Metaspace       used 71161K, committed 72640K, reserved 1114112K
  class space    used 7396K, committed 8128K, reserved 1048576K
}
Event: 1231.823 GC heap after
{Heap after GC invocations=1561 (full 5):
 PSYoungGen      total 9216K, used 1089K [0x00000000eab00000, 0x00000000eb580000, 0x0000000100000000)
  eden space 7680K, 0% used [0x00000000eab00000,0x00000000eab00000,0x00000000eb280000)
  from space 1536K, 70% used [0x00000000eb400000,0x00000000eb510780,0x00000000eb580000)
  to   space 1536K, 0% used [0x00000000eb280000,0x00000000eb280000,0x00000000eb400000)
 ParOldGen       total 216576K, used 216069K [0x00000000c0000000, 0x00000000cd380000, 0x00000000eab00000)
  object space 216576K, 99% used [0x00000000c0000000,0x00000000cd3014f0,0x00000000cd380000)
 Metaspace       used 71161K, committed 72640K, reserved 1114112K
  class space    used 7396K, committed 8128K, reserved 1048576K
}
Event: 1231.842 GC heap before
{Heap before GC invocations=1562 (full 5):
 PSYoungGen      total 9216K, used 8769K [0x00000000eab00000, 0x00000000eb580000, 0x0000000100000000)
  eden space 7680K, 100% used [0x00000000eab00000,0x00000000eb280000,0x00000000eb280000)
  from space 1536K, 70% used [0x00000000eb400000,0x00000000eb510780,0x00000000eb580000)
  to   space 1536K, 0% used [0x00000000eb280000,0x00000000eb280000,0x00000000eb400000)
 ParOldGen       total 216576K, used 216069K [0x00000000c0000000, 0x00000000cd380000, 0x00000000eab00000)
  object space 216576K, 99% used [0x00000000c0000000,0x00000000cd3014f0,0x00000000cd380000)
 Metaspace       used 71184K, committed 72640K, reserved 1114112K
  class space    used 7398K, committed 8128K, reserved 1048576K
}
Event: 1231.847 GC heap after
{Heap after GC invocations=1562 (full 5):
 PSYoungGen      total 9216K, used 1182K [0x00000000eab00000, 0x00000000eb580000, 0x0000000100000000)
  eden space 7680K, 0% used [0x00000000eab00000,0x00000000eab00000,0x00000000eb280000)
  from space 1536K, 76% used [0x00000000eb280000,0x00000000eb3a7958,0x00000000eb400000)
  to   space 1536K, 0% used [0x00000000eb400000,0x00000000eb400000,0x00000000eb580000)
 ParOldGen       total 218624K, used 218218K [0x00000000c0000000, 0x00000000cd580000, 0x00000000eab00000)
  object space 218624K, 99% used [0x00000000c0000000,0x00000000cd51aad0,0x00000000cd580000)
 Metaspace       used 71184K, committed 72640K, reserved 1114112K
  class space    used 7398K, committed 8128K, reserved 1048576K
}
Event: 1231.862 GC heap before
{Heap before GC invocations=1563 (full 5):
 PSYoungGen      total 9216K, used 8862K [0x00000000eab00000, 0x00000000eb580000, 0x0000000100000000)
  eden space 7680K, 100% used [0x00000000eab00000,0x00000000eb280000,0x00000000eb280000)
  from space 1536K, 76% used [0x00000000eb280000,0x00000000eb3a7958,0x00000000eb400000)
  to   space 1536K, 0% used [0x00000000eb400000,0x00000000eb400000,0x00000000eb580000)
 ParOldGen       total 218624K, used 218218K [0x00000000c0000000, 0x00000000cd580000, 0x00000000eab00000)
  object space 218624K, 99% used [0x00000000c0000000,0x00000000cd51aad0,0x00000000cd580000)
 Metaspace       used 71195K, committed 72704K, reserved 1114112K
  class space    used 7398K, committed 8128K, reserved 1048576K
}
Event: 1231.866 GC heap after
{Heap after GC invocations=1563 (full 5):
 PSYoungGen      total 9728K, used 576K [0x00000000eab00000, 0x00000000eb600000, 0x0000000100000000)
  eden space 8192K, 0% used [0x00000000eab00000,0x00000000eab00000,0x00000000eb300000)
  from space 1536K, 37% used [0x00000000eb400000,0x00000000eb490000,0x00000000eb580000)
  to   space 1024K, 0% used [0x00000000eb300000,0x00000000eb300000,0x00000000eb400000)
 ParOldGen       total 219648K, used 219249K [0x00000000c0000000, 0x00000000cd680000, 0x00000000eab00000)
  object space 219648K, 99% used [0x00000000c0000000,0x00000000cd61c428,0x00000000cd680000)
 Metaspace       used 71195K, committed 72704K, reserved 1114112K
  class space    used 7398K, committed 8128K, reserved 1048576K
}
Event: 1231.878 GC heap before
{Heap before GC invocations=1564 (full 5):
 PSYoungGen      total 9728K, used 8768K [0x00000000eab00000, 0x00000000eb600000, 0x0000000100000000)
  eden space 8192K, 100% used [0x00000000eab00000,0x00000000eb300000,0x00000000eb300000)
  from space 1536K, 37% used [0x00000000eb400000,0x00000000eb490000,0x00000000eb580000)
  to   space 1024K, 0% used [0x00000000eb300000,0x00000000eb300000,0x00000000eb400000)
 ParOldGen       total 219648K, used 219249K [0x00000000c0000000, 0x00000000cd680000, 0x00000000eab00000)
  object space 219648K, 99% used [0x00000000c0000000,0x00000000cd61c428,0x00000000cd680000)
 Metaspace       used 71200K, committed 72704K, reserved 1114112K
  class space    used 7398K, committed 8128K, reserved 1048576K
}
Event: 1231.882 GC heap after
{Heap after GC invocations=1564 (full 5):
 PSYoungGen      total 9216K, used 960K [0x00000000eab00000, 0x00000000eb800000, 0x0000000100000000)
  eden space 8192K, 0% used [0x00000000eab00000,0x00000000eab00000,0x00000000eb300000)
  from space 1024K, 93% used [0x00000000eb300000,0x00000000eb3f0000,0x00000000eb400000)
  to   space 1536K, 0% used [0x00000000eb680000,0x00000000eb680000,0x00000000eb800000)
 ParOldGen       total 221696K, used 221262K [0x00000000c0000000, 0x00000000cd880000, 0x00000000eab00000)
  object space 221696K, 99% used [0x00000000c0000000,0x00000000cd813a08,0x00000000cd880000)
 Metaspace       used 71200K, committed 72704K, reserved 1114112K
  class space    used 7398K, committed 8128K, reserved 1048576K
}
Event: 1231.895 GC heap before
{Heap before GC invocations=1565 (full 5):
 PSYoungGen      total 9216K, used 8303K [0x00000000eab00000, 0x00000000eb800000, 0x0000000100000000)
  eden space 8192K, 89% used [0x00000000eab00000,0x00000000eb22bfe0,0x00000000eb300000)
  from space 1024K, 93% used [0x00000000eb300000,0x00000000eb3f0000,0x00000000eb400000)
  to   space 1536K, 0% used [0x00000000eb680000,0x00000000eb680000,0x00000000eb800000)
 ParOldGen       total 221696K, used 221262K [0x00000000c0000000, 0x00000000cd880000, 0x00000000eab00000)
  object space 221696K, 99% used [0x00000000c0000000,0x00000000cd813a08,0x00000000cd880000)
 Metaspace       used 71201K, committed 72704K, reserved 1114112K
  class space    used 7398K, committed 8128K, reserved 1048576K
}
Event: 1231.899 GC heap after
{Heap after GC invocations=1565 (full 5):
 PSYoungGen      total 11776K, used 1216K [0x00000000eab00000, 0x00000000eb800000, 0x0000000100000000)
  eden space 10240K, 0% used [0x00000000eab00000,0x00000000eab00000,0x00000000eb500000)
  from space 1536K, 79% used [0x00000000eb680000,0x00000000eb7b0000,0x00000000eb800000)
  to   space 1536K, 0% used [0x00000000eb500000,0x00000000eb500000,0x00000000eb680000)
 ParOldGen       total 222208K, used 222108K [0x00000000c0000000, 0x00000000cd900000, 0x00000000eab00000)
  object space 222208K, 99% used [0x00000000c0000000,0x00000000cd8e70a8,0x00000000cd900000)
 Metaspace       used 71201K, committed 72704K, reserved 1114112K
  class space    used 7398K, committed 8128K, reserved 1048576K
}
Event: 1231.915 GC heap before
{Heap before GC invocations=1566 (full 5):
 PSYoungGen      total 11776K, used 11434K [0x00000000eab00000, 0x00000000eb800000, 0x0000000100000000)
  eden space 10240K, 99% used [0x00000000eab00000,0x00000000eb4fa960,0x00000000eb500000)
  from space 1536K, 79% used [0x00000000eb680000,0x00000000eb7b0000,0x00000000eb800000)
  to   space 1536K, 0% used [0x00000000eb500000,0x00000000eb500000,0x00000000eb680000)
 ParOldGen       total 223232K, used 222892K [0x00000000c0000000, 0x00000000cda00000, 0x00000000eab00000)
  object space 223232K, 99% used [0x00000000c0000000,0x00000000cd9ab170,0x00000000cda00000)
 Metaspace       used 71202K, committed 72704K, reserved 1114112K
  class space    used 7398K, committed 8128K, reserved 1048576K
}
Event: 1231.920 GC heap after
{Heap after GC invocations=1566 (full 5):
 PSYoungGen      total 11776K, used 1250K [0x00000000eab00000, 0x00000000eb800000, 0x0000000100000000)
  eden space 10240K, 0% used [0x00000000eab00000,0x00000000eab00000,0x00000000eb500000)
  from space 1536K, 81% used [0x00000000eb500000,0x00000000eb638b88,0x00000000eb680000)
  to   space 1536K, 0% used [0x00000000eb680000,0x00000000eb680000,0x00000000eb800000)
 ParOldGen       total 229888K, used 228588K [0x00000000c0000000, 0x00000000ce080000, 0x00000000eab00000)
  object space 229888K, 99% used [0x00000000c0000000,0x00000000cdf3b310,0x00000000ce080000)
 Metaspace       used 71202K, committed 72704K, reserved 1114112K
  class space    used 7398K, committed 8128K, reserved 1048576K
}
Event: 1231.949 GC heap before
{Heap before GC invocations=1567 (full 5):
 PSYoungGen      total 11776K, used 11490K [0x00000000eab00000, 0x00000000eb800000, 0x0000000100000000)
  eden space 10240K, 100% used [0x00000000eab00000,0x00000000eb500000,0x00000000eb500000)
  from space 1536K, 81% used [0x00000000eb500000,0x00000000eb638b88,0x00000000eb680000)
  to   space 1536K, 0% used [0x00000000eb680000,0x00000000eb680000,0x00000000eb800000)
 ParOldGen       total 229888K, used 228591K [0x00000000c0000000, 0x00000000ce080000, 0x00000000eab00000)
  object space 229888K, 99% used [0x00000000c0000000,0x00000000cdf3bd70,0x00000000ce080000)
 Metaspace       used 71207K, committed 72704K, reserved 1114112K
  class space    used 7398K, committed 8128K, reserved 1048576K
}
Event: 1231.953 GC heap after
{Heap after GC invocations=1567 (full 5):
 PSYoungGen      total 11776K, used 1248K [0x00000000eab00000, 0x00000000eb800000, 0x0000000100000000)
  eden space 10240K, 0% used [0x00000000eab00000,0x00000000eab00000,0x00000000eb500000)
  from space 1536K, 81% used [0x00000000eb680000,0x00000000eb7b8000,0x00000000eb800000)
  to   space 1536K, 0% used [0x00000000eb500000,0x00000000eb500000,0x00000000eb680000)
 ParOldGen       total 229888K, used 229453K [0x00000000c0000000, 0x00000000ce080000, 0x00000000eab00000)
  object space 229888K, 99% used [0x00000000c0000000,0x00000000ce0135a8,0x00000000ce080000)
 Metaspace       used 71207K, committed 72704K, reserved 1114112K
  class space    used 7398K, committed 8128K, reserved 1048576K
}
Event: 1231.980 GC heap before
{Heap before GC invocations=1568 (full 5):
 PSYoungGen      total 11776K, used 11459K [0x00000000eab00000, 0x00000000eb800000, 0x0000000100000000)
  eden space 10240K, 99% used [0x00000000eab00000,0x00000000eb4f8f18,0x00000000eb500000)
  from space 1536K, 81% used [0x00000000eb680000,0x00000000eb7b8000,0x00000000eb800000)
  to   space 1536K, 0% used [0x00000000eb500000,0x00000000eb500000,0x00000000eb680000)
 ParOldGen       total 229888K, used 229453K [0x00000000c0000000, 0x00000000ce080000, 0x00000000eab00000)
  object space 229888K, 99% used [0x00000000c0000000,0x00000000ce0135a8,0x00000000ce080000)
 Metaspace       used 71231K, committed 72704K, reserved 1114112K
  class space    used 7398K, committed 8128K, reserved 1048576K
}
Event: 1231.983 GC heap after
{Heap after GC invocations=1568 (full 5):
 PSYoungGen      total 11776K, used 1076K [0x00000000eab00000, 0x00000000eb800000, 0x0000000100000000)
  eden space 10240K, 0% used [0x00000000eab00000,0x00000000eab00000,0x00000000eb500000)
  from space 1536K, 70% used [0x00000000eb500000,0x00000000eb60d248,0x00000000eb680000)
  to   space 1536K, 0% used [0x00000000eb680000,0x00000000eb680000,0x00000000eb800000)
 ParOldGen       total 232448K, used 232106K [0x00000000c0000000, 0x00000000ce300000, 0x00000000eab00000)
  object space 232448K, 99% used [0x00000000c0000000,0x00000000ce2aab88,0x00000000ce300000)
 Metaspace       used 71231K, committed 72704K, reserved 1114112K
  class space    used 7398K, committed 8128K, reserved 1048576K
}

