# JRE version: OpenJDK Runtime Environment Temurin-21.0.5+11 (21.0.5+11) (build 21.0.5+11-LTS)
# Java VM: OpenJDK 64-Bit Server VM Temurin-21.0.5+11 (21.0.5+11-LTS, mixed mode, sharing, tiered, compressed oops, compressed class ptrs, parallel gc, windows-amd64)
GC Precious Log:
 CardTable entry size: 512
 CPUs: 8 total, 8 available
 Memory: 7995M
 Large Page Support: Disabled
 NUMA Support: Disabled
 Compressed Oops: Enabled (32-bit)
 Alignments: Space 512K, Generation 512K, Heap 2M
 Heap Min Capacity: 100M
 Heap Initial Capacity: 100M
 Heap Max Capacity: 1G
 Pre-touch: Disabled
 Parallel Workers: 8
Heap:
 PSYoungGen      total 11776K, used 4676K [0x00000000eab00000, 0x00000000eb880000, 0x0000000100000000)
  eden space 9728K, 28% used [0x00000000eab00000,0x00000000eadbb888,0x00000000eb480000)
  from space 2048K, 91% used [0x00000000eb680000,0x00000000eb855a18,0x00000000eb880000)
  to   space 2048K, 0% used [0x00000000eb480000,0x00000000eb480000,0x00000000eb680000)
 ParOldGen       total 76800K, used 76628K [0x00000000c0000000, 0x00000000c4b00000, 0x00000000eab00000)
  object space 76800K, 99% used [0x00000000c0000000,0x00000000c4ad53b0,0x00000000c4b00000)
 Metaspace       used 51461K, committed 52736K, reserved 1114112K
  class space    used 5483K, committed 6016K, reserved 1048576K
GC Heap History (20 events):
Event: 16.717 GC heap before
{Heap before GC invocations=33 (full 2):
 PSYoungGen      total 11264K, used 11261K [0x00000000eab00000, 0x00000000ebd80000, 0x0000000100000000)
  eden space 9728K, 100% used [0x00000000eab00000,0x00000000eb480000,0x00000000eb480000)
  from space 1536K, 99% used [0x00000000eb980000,0x00000000ebaff528,0x00000000ebb00000)
  to   space 4608K, 0% used [0x00000000eb480000,0x00000000eb480000,0x00000000eb900000)
 ParOldGen       total 68608K, used 60208K [0x00000000c0000000, 0x00000000c4300000, 0x00000000eab00000)
  object space 68608K, 87% used [0x00000000c0000000,0x00000000c3acc210,0x00000000c4300000)
 Metaspace       used 49691K, committed 51008K, reserved 1114112K
  class space    used 5251K, committed 5824K, reserved 1048576K
}
Event: 16.721 GC heap after
{Heap after GC invocations=33 (full 2):
 PSYoungGen      total 11776K, used 1741K [0x00000000eab00000, 0x00000000eba00000, 0x0000000100000000)
  eden space 9728K, 0% used [0x00000000eab00000,0x00000000eab00000,0x00000000eb480000)
  from space 2048K, 85% used [0x00000000eb480000,0x00000000eb6337f8,0x00000000eb680000)
  to   space 2560K, 0% used [0x00000000eb780000,0x00000000eb780000,0x00000000eba00000)
 ParOldGen       total 68608K, used 61693K [0x00000000c0000000, 0x00000000c4300000, 0x00000000eab00000)
  object space 68608K, 89% used [0x00000000c0000000,0x00000000c3c3f7b8,0x00000000c4300000)
 Metaspace       used 49691K, committed 51008K, reserved 1114112K
  class space    used 5251K, committed 5824K, reserved 1048576K
}
Event: 16.821 GC heap before
{Heap before GC invocations=34 (full 2):
 PSYoungGen      total 11776K, used 11469K [0x00000000eab00000, 0x00000000eba00000, 0x0000000100000000)
  eden space 9728K, 100% used [0x00000000eab00000,0x00000000eb480000,0x00000000eb480000)
  from space 2048K, 85% used [0x00000000eb480000,0x00000000eb6337f8,0x00000000eb680000)
  to   space 2560K, 0% used [0x00000000eb780000,0x00000000eb780000,0x00000000eba00000)
 ParOldGen       total 68608K, used 61693K [0x00000000c0000000, 0x00000000c4300000, 0x00000000eab00000)
  object space 68608K, 89% used [0x00000000c0000000,0x00000000c3c3f7b8,0x00000000c4300000)
 Metaspace       used 50225K, committed 51584K, reserved 1114112K
  class space    used 5315K, committed 5888K, reserved 1048576K
}
Event: 16.824 GC heap after
{Heap after GC invocations=34 (full 2):
 PSYoungGen      total 11264K, used 1353K [0x00000000eab00000, 0x00000000eb900000, 0x0000000100000000)
  eden space 9728K, 0% used [0x00000000eab00000,0x00000000eab00000,0x00000000eb480000)
  from space 1536K, 88% used [0x00000000eb780000,0x00000000eb8d27a0,0x00000000eb900000)
  to   space 2048K, 0% used [0x00000000eb500000,0x00000000eb500000,0x00000000eb700000)
 ParOldGen       total 68608K, used 63263K [0x00000000c0000000, 0x00000000c4300000, 0x00000000eab00000)
  object space 68608K, 92% used [0x00000000c0000000,0x00000000c3dc7fe0,0x00000000c4300000)
 Metaspace       used 50225K, committed 51584K, reserved 1114112K
  class space    used 5315K, committed 5888K, reserved 1048576K
}
Event: 16.981 GC heap before
{Heap before GC invocations=35 (full 2):
 PSYoungGen      total 11264K, used 11081K [0x00000000eab00000, 0x00000000eb900000, 0x0000000100000000)
  eden space 9728K, 100% used [0x00000000eab00000,0x00000000eb480000,0x00000000eb480000)
  from space 1536K, 88% used [0x00000000eb780000,0x00000000eb8d27a0,0x00000000eb900000)
  to   space 2048K, 0% used [0x00000000eb500000,0x00000000eb500000,0x00000000eb700000)
 ParOldGen       total 68608K, used 63263K [0x00000000c0000000, 0x00000000c4300000, 0x00000000eab00000)
  object space 68608K, 92% used [0x00000000c0000000,0x00000000c3dc7fe0,0x00000000c4300000)
 Metaspace       used 50467K, committed 51776K, reserved 1114112K
  class space    used 5343K, committed 5888K, reserved 1048576K
}
Event: 16.984 GC heap after
{Heap after GC invocations=35 (full 2):
 PSYoungGen      total 11776K, used 2016K [0x00000000eab00000, 0x00000000eb980000, 0x0000000100000000)
  eden space 9728K, 0% used [0x00000000eab00000,0x00000000eab00000,0x00000000eb480000)
  from space 2048K, 98% used [0x00000000eb500000,0x00000000eb6f8098,0x00000000eb700000)
  to   space 2560K, 0% used [0x00000000eb700000,0x00000000eb700000,0x00000000eb980000)
 ParOldGen       total 68608K, used 64455K [0x00000000c0000000, 0x00000000c4300000, 0x00000000eab00000)
  object space 68608K, 93% used [0x00000000c0000000,0x00000000c3ef1e10,0x00000000c4300000)
 Metaspace       used 50467K, committed 51776K, reserved 1114112K
  class space    used 5343K, committed 5888K, reserved 1048576K
}
Event: 17.094 GC heap before
{Heap before GC invocations=36 (full 2):
 PSYoungGen      total 11776K, used 11744K [0x00000000eab00000, 0x00000000eb980000, 0x0000000100000000)
  eden space 9728K, 100% used [0x00000000eab00000,0x00000000eb480000,0x00000000eb480000)
  from space 2048K, 98% used [0x00000000eb500000,0x00000000eb6f8098,0x00000000eb700000)
  to   space 2560K, 0% used [0x00000000eb700000,0x00000000eb700000,0x00000000eb980000)
 ParOldGen       total 68608K, used 64455K [0x00000000c0000000, 0x00000000c4300000, 0x00000000eab00000)
  object space 68608K, 93% used [0x00000000c0000000,0x00000000c3ef1e10,0x00000000c4300000)
 Metaspace       used 50705K, committed 52032K, reserved 1114112K
  class space    used 5370K, committed 5952K, reserved 1048576K
}
Event: 17.097 GC heap after
{Heap after GC invocations=36 (full 2):
 PSYoungGen      total 12288K, used 2042K [0x00000000eab00000, 0x00000000eb980000, 0x0000000100000000)
  eden space 9728K, 0% used [0x00000000eab00000,0x00000000eab00000,0x00000000eb480000)
  from space 2560K, 79% used [0x00000000eb700000,0x00000000eb8fea10,0x00000000eb980000)
  to   space 2560K, 0% used [0x00000000eb480000,0x00000000eb480000,0x00000000eb700000)
 ParOldGen       total 68608K, used 66330K [0x00000000c0000000, 0x00000000c4300000, 0x00000000eab00000)
  object space 68608K, 96% used [0x00000000c0000000,0x00000000c40c6928,0x00000000c4300000)
 Metaspace       used 50705K, committed 52032K, reserved 1114112K
  class space    used 5370K, committed 5952K, reserved 1048576K
}
Event: 17.205 GC heap before
{Heap before GC invocations=37 (full 2):
 PSYoungGen      total 12288K, used 11770K [0x00000000eab00000, 0x00000000eb980000, 0x0000000100000000)
  eden space 9728K, 100% used [0x00000000eab00000,0x00000000eb480000,0x00000000eb480000)
  from space 2560K, 79% used [0x00000000eb700000,0x00000000eb8fea10,0x00000000eb980000)
  to   space 2560K, 0% used [0x00000000eb480000,0x00000000eb480000,0x00000000eb700000)
 ParOldGen       total 68608K, used 66330K [0x00000000c0000000, 0x00000000c4300000, 0x00000000eab00000)
  object space 68608K, 96% used [0x00000000c0000000,0x00000000c40c6928,0x00000000c4300000)
 Metaspace       used 51004K, committed 52288K, reserved 1114112K
  class space    used 5412K, committed 5952K, reserved 1048576K
}
Event: 17.208 GC heap after
{Heap after GC invocations=37 (full 2):
 PSYoungGen      total 11776K, used 1898K [0x00000000eab00000, 0x00000000eb880000, 0x0000000100000000)
  eden space 9728K, 0% used [0x00000000eab00000,0x00000000eab00000,0x00000000eb480000)
  from space 2048K, 92% used [0x00000000eb480000,0x00000000eb65a820,0x00000000eb680000)
  to   space 2048K, 0% used [0x00000000eb680000,0x00000000eb680000,0x00000000eb880000)
 ParOldGen       total 68608K, used 68224K [0x00000000c0000000, 0x00000000c4300000, 0x00000000eab00000)
  object space 68608K, 99% used [0x00000000c0000000,0x00000000c42a0028,0x00000000c4300000)
 Metaspace       used 51004K, committed 52288K, reserved 1114112K
  class space    used 5412K, committed 5952K, reserved 1048576K
}
Event: 17.335 GC heap before
{Heap before GC invocations=38 (full 2):
 PSYoungGen      total 11776K, used 11626K [0x00000000eab00000, 0x00000000eb880000, 0x0000000100000000)
  eden space 9728K, 100% used [0x00000000eab00000,0x00000000eb480000,0x00000000eb480000)
  from space 2048K, 92% used [0x00000000eb480000,0x00000000eb65a820,0x00000000eb680000)
  to   space 2048K, 0% used [0x00000000eb680000,0x00000000eb680000,0x00000000eb880000)
 ParOldGen       total 68608K, used 68224K [0x00000000c0000000, 0x00000000c4300000, 0x00000000eab00000)
  object space 68608K, 99% used [0x00000000c0000000,0x00000000c42a0028,0x00000000c4300000)
 Metaspace       used 51126K, committed 52416K, reserved 1114112K
  class space    used 5424K, committed 5952K, reserved 1048576K
}
Event: 17.339 GC heap after
{Heap after GC invocations=38 (full 2):
 PSYoungGen      total 11776K, used 1748K [0x00000000eab00000, 0x00000000eb880000, 0x0000000100000000)
  eden space 9728K, 0% used [0x00000000eab00000,0x00000000eab00000,0x00000000eb480000)
  from space 2048K, 85% used [0x00000000eb680000,0x00000000eb835378,0x00000000eb880000)
  to   space 2048K, 0% used [0x00000000eb480000,0x00000000eb480000,0x00000000eb680000)
 ParOldGen       total 70144K, used 69969K [0x00000000c0000000, 0x00000000c4480000, 0x00000000eab00000)
  object space 70144K, 99% used [0x00000000c0000000,0x00000000c44544d0,0x00000000c4480000)
 Metaspace       used 51126K, committed 52416K, reserved 1114112K
  class space    used 5424K, committed 5952K, reserved 1048576K
}
Event: 17.435 GC heap before
{Heap before GC invocations=39 (full 2):
 PSYoungGen      total 11776K, used 11476K [0x00000000eab00000, 0x00000000eb880000, 0x0000000100000000)
  eden space 9728K, 100% used [0x00000000eab00000,0x00000000eb480000,0x00000000eb480000)
  from space 2048K, 85% used [0x00000000eb680000,0x00000000eb835378,0x00000000eb880000)
  to   space 2048K, 0% used [0x00000000eb480000,0x00000000eb480000,0x00000000eb680000)
 ParOldGen       total 70144K, used 69969K [0x00000000c0000000, 0x00000000c4480000, 0x00000000eab00000)
  object space 70144K, 99% used [0x00000000c0000000,0x00000000c44544d0,0x00000000c4480000)
 Metaspace       used 51181K, committed 52480K, reserved 1114112K
  class space    used 5446K, committed 6016K, reserved 1048576K
}
Event: 17.438 GC heap after
{Heap after GC invocations=39 (full 2):
 PSYoungGen      total 11776K, used 1952K [0x00000000eab00000, 0x00000000eb880000, 0x0000000100000000)
  eden space 9728K, 0% used [0x00000000eab00000,0x00000000eab00000,0x00000000eb480000)
  from space 2048K, 95% used [0x00000000eb480000,0x00000000eb668008,0x00000000eb680000)
  to   space 2048K, 0% used [0x00000000eb680000,0x00000000eb680000,0x00000000eb880000)
 ParOldGen       total 71680K, used 71554K [0x00000000c0000000, 0x00000000c4600000, 0x00000000eab00000)
  object space 71680K, 99% used [0x00000000c0000000,0x00000000c45e0ae8,0x00000000c4600000)
 Metaspace       used 51181K, committed 52480K, reserved 1114112K
  class space    used 5446K, committed 6016K, reserved 1048576K
}
Event: 17.531 GC heap before
{Heap before GC invocations=40 (full 2):
 PSYoungGen      total 11776K, used 11680K [0x00000000eab00000, 0x00000000eb880000, 0x0000000100000000)
  eden space 9728K, 100% used [0x00000000eab00000,0x00000000eb480000,0x00000000eb480000)
  from space 2048K, 95% used [0x00000000eb480000,0x00000000eb668008,0x00000000eb680000)
  to   space 2048K, 0% used [0x00000000eb680000,0x00000000eb680000,0x00000000eb880000)
 ParOldGen       total 71680K, used 71554K [0x00000000c0000000, 0x00000000c4600000, 0x00000000eab00000)
  object space 71680K, 99% used [0x00000000c0000000,0x00000000c45e0ae8,0x00000000c4600000)
 Metaspace       used 51227K, committed 52480K, reserved 1114112K
  class space    used 5462K, committed 6016K, reserved 1048576K
}
Event: 17.535 GC heap after
{Heap after GC invocations=40 (full 2):
 PSYoungGen      total 11776K, used 1696K [0x00000000eab00000, 0x00000000eb880000, 0x0000000100000000)
  eden space 9728K, 0% used [0x00000000eab00000,0x00000000eab00000,0x00000000eb480000)
  from space 2048K, 82% used [0x00000000eb680000,0x00000000eb828010,0x00000000eb880000)
  to   space 2048K, 0% used [0x00000000eb480000,0x00000000eb480000,0x00000000eb680000)
 ParOldGen       total 73728K, used 73428K [0x00000000c0000000, 0x00000000c4800000, 0x00000000eab00000)
  object space 73728K, 99% used [0x00000000c0000000,0x00000000c47b53a8,0x00000000c4800000)
 Metaspace       used 51227K, committed 52480K, reserved 1114112K
  class space    used 5462K, committed 6016K, reserved 1048576K
}
Event: 17.660 GC heap before
{Heap before GC invocations=41 (full 2):
 PSYoungGen      total 11776K, used 11424K [0x00000000eab00000, 0x00000000eb880000, 0x0000000100000000)
  eden space 9728K, 100% used [0x00000000eab00000,0x00000000eb480000,0x00000000eb480000)
  from space 2048K, 82% used [0x00000000eb680000,0x00000000eb828010,0x00000000eb880000)
  to   space 2048K, 0% used [0x00000000eb480000,0x00000000eb480000,0x00000000eb680000)
 ParOldGen       total 73728K, used 73428K [0x00000000c0000000, 0x00000000c4800000, 0x00000000eab00000)
  object space 73728K, 99% used [0x00000000c0000000,0x00000000c47b53a8,0x00000000c4800000)
 Metaspace       used 51332K, committed 52608K, reserved 1114112K
  class space    used 5474K, committed 6016K, reserved 1048576K
}
Event: 17.664 GC heap after
{Heap after GC invocations=41 (full 2):
 PSYoungGen      total 11776K, used 1934K [0x00000000eab00000, 0x00000000eb880000, 0x0000000100000000)
  eden space 9728K, 0% used [0x00000000eab00000,0x00000000eab00000,0x00000000eb480000)
  from space 2048K, 94% used [0x00000000eb480000,0x00000000eb663b28,0x00000000eb680000)
  to   space 2048K, 0% used [0x00000000eb680000,0x00000000eb680000,0x00000000eb880000)
 ParOldGen       total 75264K, used 74896K [0x00000000c0000000, 0x00000000c4980000, 0x00000000eab00000)
  object space 75264K, 99% used [0x00000000c0000000,0x00000000c4924160,0x00000000c4980000)
 Metaspace       used 51332K, committed 52608K, reserved 1114112K
  class space    used 5474K, committed 6016K, reserved 1048576K
}
Event: 17.767 GC heap before
{Heap before GC invocations=42 (full 2):
 PSYoungGen      total 11776K, used 11662K [0x00000000eab00000, 0x00000000eb880000, 0x0000000100000000)
  eden space 9728K, 100% used [0x00000000eab00000,0x00000000eb480000,0x00000000eb480000)
  from space 2048K, 94% used [0x00000000eb480000,0x00000000eb663b28,0x00000000eb680000)
  to   space 2048K, 0% used [0x00000000eb680000,0x00000000eb680000,0x00000000eb880000)
 ParOldGen       total 75264K, used 74896K [0x00000000c0000000, 0x00000000c4980000, 0x00000000eab00000)
  object space 75264K, 99% used [0x00000000c0000000,0x00000000c4924160,0x00000000c4980000)
 Metaspace       used 51443K, committed 52736K, reserved 1114112K
  class space    used 5481K, committed 6016K, reserved 1048576K
}
Event: 17.775 GC heap after
{Heap after GC invocations=42 (full 2):
 PSYoungGen      total 11776K, used 1878K [0x00000000eab00000, 0x00000000eb880000, 0x0000000100000000)
  eden space 9728K, 0% used [0x00000000eab00000,0x00000000eab00000,0x00000000eb480000)
  from space 2048K, 91% used [0x00000000eb680000,0x00000000eb855a18,0x00000000eb880000)
  to   space 2048K, 0% used [0x00000000eb480000,0x00000000eb480000,0x00000000eb680000)
 ParOldGen       total 76800K, used 76628K [0x00000000c0000000, 0x00000000c4b00000, 0x00000000eab00000)
  object space 76800K, 99% used [0x00000000c0000000,0x00000000c4ad53b0,0x00000000c4b00000)
 Metaspace       used 51443K, committed 52736K, reserved 1114112K
  class space    used 5481K, committed 6016K, reserved 1048576K
}

