# JRE version: OpenJDK Runtime Environment Temurin-21.0.5+11 (21.0.5+11) (build 21.0.5+11-LTS)
# Java VM: OpenJDK 64-Bit Server VM Temurin-21.0.5+11 (21.0.5+11-LTS, mixed mode, sharing, tiered, compressed oops, compressed class ptrs, parallel gc, windows-amd64)
GC Precious Log:
 CardTable entry size: 512
 CPUs: 8 total, 8 available
 Memory: 7995M
 Large Page Support: Disabled
 NUMA Support: Disabled
 Compressed Oops: Enabled (32-bit)
 Alignments: Space 512K, Generation 512K, Heap 2M
 Heap Min Capacity: 100M
 Heap Initial Capacity: 100M
 Heap Max Capacity: 1G
 Pre-touch: Disabled
 Parallel Workers: 8
Heap:
 PSYoungGen      total 16384K, used 11240K [0x00000000eab00000, 0x00000000ebe00000, 0x0000000100000000)
  eden space 13824K, 64% used [0x00000000eab00000,0x00000000eb3b1d30,0x00000000eb880000)
  from space 2560K, 91% used [0x00000000ebb80000,0x00000000ebdc8698,0x00000000ebe00000)
  to   space 2560K, 0% used [0x00000000eb900000,0x00000000eb900000,0x00000000ebb80000)
 ParOldGen       total 68608K, used 57113K [0x00000000c0000000, 0x00000000c4300000, 0x00000000eab00000)
  object space 68608K, 83% used [0x00000000c0000000,0x00000000c37c6478,0x00000000c4300000)
 Metaspace       used 55800K, committed 57088K, reserved 1114112K
  class space    used 5842K, committed 6400K, reserved 1048576K
GC Heap History (20 events):
Event: 23.017 GC heap before
{Heap before GC invocations=25 (full 2):
 PSYoungGen      total 22528K, used 22500K [0x00000000eab00000, 0x00000000ed400000, 0x0000000100000000)
  eden space 16896K, 100% used [0x00000000eab00000,0x00000000ebb80000,0x00000000ebb80000)
  from space 5632K, 99% used [0x00000000ec580000,0x00000000ecaf93a8,0x00000000ecb00000)
  to   space 10240K, 0% used [0x00000000ebb80000,0x00000000ebb80000,0x00000000ec580000)
 ParOldGen       total 68608K, used 32985K [0x00000000c0000000, 0x00000000c4300000, 0x00000000eab00000)
  object space 68608K, 48% used [0x00000000c0000000,0x00000000c2036618,0x00000000c4300000)
 Metaspace       used 49380K, committed 50560K, reserved 1114112K
  class space    used 5165K, committed 5696K, reserved 1048576K
}
Event: 23.023 GC heap after
{Heap after GC invocations=25 (full 2):
 PSYoungGen      total 18944K, used 2016K [0x00000000eab00000, 0x00000000ec600000, 0x0000000100000000)
  eden space 16896K, 0% used [0x00000000eab00000,0x00000000eab00000,0x00000000ebb80000)
  from space 2048K, 98% used [0x00000000ebb80000,0x00000000ebd78140,0x00000000ebd80000)
  to   space 5120K, 0% used [0x00000000ec100000,0x00000000ec100000,0x00000000ec600000)
 ParOldGen       total 68608K, used 38600K [0x00000000c0000000, 0x00000000c4300000, 0x00000000eab00000)
  object space 68608K, 56% used [0x00000000c0000000,0x00000000c25b2098,0x00000000c4300000)
 Metaspace       used 49380K, committed 50560K, reserved 1114112K
  class space    used 5165K, committed 5696K, reserved 1048576K
}
Event: 23.671 GC heap before
{Heap before GC invocations=26 (full 2):
 PSYoungGen      total 18944K, used 18885K [0x00000000eab00000, 0x00000000ec600000, 0x0000000100000000)
  eden space 16896K, 99% used [0x00000000eab00000,0x00000000ebb795a8,0x00000000ebb80000)
  from space 2048K, 98% used [0x00000000ebb80000,0x00000000ebd78140,0x00000000ebd80000)
  to   space 5120K, 0% used [0x00000000ec100000,0x00000000ec100000,0x00000000ec600000)
 ParOldGen       total 68608K, used 38600K [0x00000000c0000000, 0x00000000c4300000, 0x00000000eab00000)
  object space 68608K, 56% used [0x00000000c0000000,0x00000000c25b2098,0x00000000c4300000)
 Metaspace       used 50578K, committed 51840K, reserved 1114112K
  class space    used 5301K, committed 5824K, reserved 1048576K
}
Event: 23.676 GC heap after
{Heap after GC invocations=26 (full 2):
 PSYoungGen      total 19456K, used 2210K [0x00000000eab00000, 0x00000000ec380000, 0x0000000100000000)
  eden space 16896K, 0% used [0x00000000eab00000,0x00000000eab00000,0x00000000ebb80000)
  from space 2560K, 86% used [0x00000000ec100000,0x00000000ec328928,0x00000000ec380000)
  to   space 3072K, 0% used [0x00000000ebd80000,0x00000000ebd80000,0x00000000ec080000)
 ParOldGen       total 68608K, used 40145K [0x00000000c0000000, 0x00000000c4300000, 0x00000000eab00000)
  object space 68608K, 58% used [0x00000000c0000000,0x00000000c2734618,0x00000000c4300000)
 Metaspace       used 50578K, committed 51840K, reserved 1114112K
  class space    used 5301K, committed 5824K, reserved 1048576K
}
Event: 24.792 GC heap before
{Heap before GC invocations=27 (full 2):
 PSYoungGen      total 19456K, used 19106K [0x00000000eab00000, 0x00000000ec380000, 0x0000000100000000)
  eden space 16896K, 100% used [0x00000000eab00000,0x00000000ebb80000,0x00000000ebb80000)
  from space 2560K, 86% used [0x00000000ec100000,0x00000000ec328928,0x00000000ec380000)
  to   space 3072K, 0% used [0x00000000ebd80000,0x00000000ebd80000,0x00000000ec080000)
 ParOldGen       total 68608K, used 40145K [0x00000000c0000000, 0x00000000c4300000, 0x00000000eab00000)
  object space 68608K, 58% used [0x00000000c0000000,0x00000000c2734618,0x00000000c4300000)
 Metaspace       used 51422K, committed 52672K, reserved 1114112K
  class space    used 5414K, committed 5952K, reserved 1048576K
}
Event: 24.797 GC heap after
{Heap after GC invocations=27 (full 2):
 PSYoungGen      total 19456K, used 2271K [0x00000000eab00000, 0x00000000ec180000, 0x0000000100000000)
  eden space 16896K, 0% used [0x00000000eab00000,0x00000000eab00000,0x00000000ebb80000)
  from space 2560K, 88% used [0x00000000ebd80000,0x00000000ebfb7d58,0x00000000ec000000)
  to   space 1536K, 0% used [0x00000000ec000000,0x00000000ec000000,0x00000000ec180000)
 ParOldGen       total 68608K, used 42174K [0x00000000c0000000, 0x00000000c4300000, 0x00000000eab00000)
  object space 68608K, 61% used [0x00000000c0000000,0x00000000c292f810,0x00000000c4300000)
 Metaspace       used 51422K, committed 52672K, reserved 1114112K
  class space    used 5414K, committed 5952K, reserved 1048576K
}
Event: 26.080 GC heap before
{Heap before GC invocations=28 (full 2):
 PSYoungGen      total 19456K, used 19167K [0x00000000eab00000, 0x00000000ec180000, 0x0000000100000000)
  eden space 16896K, 100% used [0x00000000eab00000,0x00000000ebb80000,0x00000000ebb80000)
  from space 2560K, 88% used [0x00000000ebd80000,0x00000000ebfb7d58,0x00000000ec000000)
  to   space 1536K, 0% used [0x00000000ec000000,0x00000000ec000000,0x00000000ec180000)
 ParOldGen       total 68608K, used 42174K [0x00000000c0000000, 0x00000000c4300000, 0x00000000eab00000)
  object space 68608K, 61% used [0x00000000c0000000,0x00000000c292f810,0x00000000c4300000)
 Metaspace       used 51834K, committed 53120K, reserved 1114112K
  class space    used 5474K, committed 6016K, reserved 1048576K
}
Event: 26.085 GC heap after
{Heap after GC invocations=28 (full 2):
 PSYoungGen      total 18432K, used 1529K [0x00000000eab00000, 0x00000000ec380000, 0x0000000100000000)
  eden space 16896K, 0% used [0x00000000eab00000,0x00000000eab00000,0x00000000ebb80000)
  from space 1536K, 99% used [0x00000000ec000000,0x00000000ec17e5c8,0x00000000ec180000)
  to   space 4096K, 0% used [0x00000000ebb80000,0x00000000ebb80000,0x00000000ebf80000)
 ParOldGen       total 68608K, used 44272K [0x00000000c0000000, 0x00000000c4300000, 0x00000000eab00000)
  object space 68608K, 64% used [0x00000000c0000000,0x00000000c2b3c280,0x00000000c4300000)
 Metaspace       used 51834K, committed 53120K, reserved 1114112K
  class space    used 5474K, committed 6016K, reserved 1048576K
}
Event: 27.838 GC heap before
{Heap before GC invocations=29 (full 2):
 PSYoungGen      total 18432K, used 18425K [0x00000000eab00000, 0x00000000ec380000, 0x0000000100000000)
  eden space 16896K, 100% used [0x00000000eab00000,0x00000000ebb80000,0x00000000ebb80000)
  from space 1536K, 99% used [0x00000000ec000000,0x00000000ec17e5c8,0x00000000ec180000)
  to   space 4096K, 0% used [0x00000000ebb80000,0x00000000ebb80000,0x00000000ebf80000)
 ParOldGen       total 68608K, used 44272K [0x00000000c0000000, 0x00000000c4300000, 0x00000000eab00000)
  object space 68608K, 64% used [0x00000000c0000000,0x00000000c2b3c280,0x00000000c4300000)
 Metaspace       used 52623K, committed 53824K, reserved 1114112K
  class space    used 5549K, committed 6080K, reserved 1048576K
}
Event: 27.855 GC heap after
{Heap after GC invocations=29 (full 2):
 PSYoungGen      total 17920K, used 952K [0x00000000eab00000, 0x00000000ec080000, 0x0000000100000000)
  eden space 16896K, 0% used [0x00000000eab00000,0x00000000eab00000,0x00000000ebb80000)
  from space 1024K, 92% used [0x00000000ebb80000,0x00000000ebc6e008,0x00000000ebc80000)
  to   space 2048K, 0% used [0x00000000ebe80000,0x00000000ebe80000,0x00000000ec080000)
 ParOldGen       total 68608K, used 45698K [0x00000000c0000000, 0x00000000c4300000, 0x00000000eab00000)
  object space 68608K, 66% used [0x00000000c0000000,0x00000000c2ca0be0,0x00000000c4300000)
 Metaspace       used 52623K, committed 53824K, reserved 1114112K
  class space    used 5549K, committed 6080K, reserved 1048576K
}
Event: 29.598 GC heap before
{Heap before GC invocations=30 (full 2):
 PSYoungGen      total 17920K, used 17848K [0x00000000eab00000, 0x00000000ec080000, 0x0000000100000000)
  eden space 16896K, 100% used [0x00000000eab00000,0x00000000ebb80000,0x00000000ebb80000)
  from space 1024K, 92% used [0x00000000ebb80000,0x00000000ebc6e008,0x00000000ebc80000)
  to   space 2048K, 0% used [0x00000000ebe80000,0x00000000ebe80000,0x00000000ec080000)
 ParOldGen       total 68608K, used 45698K [0x00000000c0000000, 0x00000000c4300000, 0x00000000eab00000)
  object space 68608K, 66% used [0x00000000c0000000,0x00000000c2ca0be0,0x00000000c4300000)
 Metaspace       used 52936K, committed 54144K, reserved 1114112K
  class space    used 5578K, committed 6080K, reserved 1048576K
}
Event: 29.602 GC heap after
{Heap after GC invocations=30 (full 2):
 PSYoungGen      total 15872K, used 2021K [0x00000000eab00000, 0x00000000ec780000, 0x0000000100000000)
  eden space 13824K, 0% used [0x00000000eab00000,0x00000000eab00000,0x00000000eb880000)
  from space 2048K, 98% used [0x00000000ebe80000,0x00000000ec0797f0,0x00000000ec080000)
  to   space 6144K, 0% used [0x00000000eb880000,0x00000000eb880000,0x00000000ebe80000)
 ParOldGen       total 68608K, used 48728K [0x00000000c0000000, 0x00000000c4300000, 0x00000000eab00000)
  object space 68608K, 71% used [0x00000000c0000000,0x00000000c2f96028,0x00000000c4300000)
 Metaspace       used 52936K, committed 54144K, reserved 1114112K
  class space    used 5578K, committed 6080K, reserved 1048576K
}
Event: 29.872 GC heap before
{Heap before GC invocations=31 (full 2):
 PSYoungGen      total 15872K, used 15845K [0x00000000eab00000, 0x00000000ec780000, 0x0000000100000000)
  eden space 13824K, 100% used [0x00000000eab00000,0x00000000eb880000,0x00000000eb880000)
  from space 2048K, 98% used [0x00000000ebe80000,0x00000000ec0797f0,0x00000000ec080000)
  to   space 6144K, 0% used [0x00000000eb880000,0x00000000eb880000,0x00000000ebe80000)
 ParOldGen       total 68608K, used 48728K [0x00000000c0000000, 0x00000000c4300000, 0x00000000eab00000)
  object space 68608K, 71% used [0x00000000c0000000,0x00000000c2f96028,0x00000000c4300000)
 Metaspace       used 53060K, committed 54336K, reserved 1114112K
  class space    used 5593K, committed 6144K, reserved 1048576K
}
Event: 29.876 GC heap after
{Heap after GC invocations=31 (full 2):
 PSYoungGen      total 17408K, used 3579K [0x00000000eab00000, 0x00000000ec080000, 0x0000000100000000)
  eden space 13824K, 0% used [0x00000000eab00000,0x00000000eab00000,0x00000000eb880000)
  from space 3584K, 99% used [0x00000000eb880000,0x00000000ebbfec40,0x00000000ebc00000)
  to   space 4096K, 0% used [0x00000000ebc80000,0x00000000ebc80000,0x00000000ec080000)
 ParOldGen       total 68608K, used 50744K [0x00000000c0000000, 0x00000000c4300000, 0x00000000eab00000)
  object space 68608K, 73% used [0x00000000c0000000,0x00000000c318e210,0x00000000c4300000)
 Metaspace       used 53060K, committed 54336K, reserved 1114112K
  class space    used 5593K, committed 6144K, reserved 1048576K
}
Event: 31.361 GC heap before
{Heap before GC invocations=32 (full 2):
 PSYoungGen      total 17408K, used 17403K [0x00000000eab00000, 0x00000000ec080000, 0x0000000100000000)
  eden space 13824K, 100% used [0x00000000eab00000,0x00000000eb880000,0x00000000eb880000)
  from space 3584K, 99% used [0x00000000eb880000,0x00000000ebbfec40,0x00000000ebc00000)
  to   space 4096K, 0% used [0x00000000ebc80000,0x00000000ebc80000,0x00000000ec080000)
 ParOldGen       total 68608K, used 50744K [0x00000000c0000000, 0x00000000c4300000, 0x00000000eab00000)
  object space 68608K, 73% used [0x00000000c0000000,0x00000000c318e210,0x00000000c4300000)
 Metaspace       used 54052K, committed 55296K, reserved 1114112K
  class space    used 5666K, committed 6208K, reserved 1048576K
}
Event: 31.368 GC heap after
{Heap after GC invocations=32 (full 2):
 PSYoungGen      total 15360K, used 1514K [0x00000000eab00000, 0x00000000ebe00000, 0x0000000100000000)
  eden space 13824K, 0% used [0x00000000eab00000,0x00000000eab00000,0x00000000eb880000)
  from space 1536K, 98% used [0x00000000ebc80000,0x00000000ebdfab38,0x00000000ebe00000)
  to   space 2560K, 0% used [0x00000000eb900000,0x00000000eb900000,0x00000000ebb80000)
 ParOldGen       total 68608K, used 54175K [0x00000000c0000000, 0x00000000c4300000, 0x00000000eab00000)
  object space 68608K, 78% used [0x00000000c0000000,0x00000000c34e7c38,0x00000000c4300000)
 Metaspace       used 54052K, committed 55296K, reserved 1114112K
  class space    used 5666K, committed 6208K, reserved 1048576K
}
Event: 33.172 GC heap before
{Heap before GC invocations=33 (full 2):
 PSYoungGen      total 15360K, used 15338K [0x00000000eab00000, 0x00000000ebe00000, 0x0000000100000000)
  eden space 13824K, 100% used [0x00000000eab00000,0x00000000eb880000,0x00000000eb880000)
  from space 1536K, 98% used [0x00000000ebc80000,0x00000000ebdfab38,0x00000000ebe00000)
  to   space 2560K, 0% used [0x00000000eb900000,0x00000000eb900000,0x00000000ebb80000)
 ParOldGen       total 68608K, used 54175K [0x00000000c0000000, 0x00000000c4300000, 0x00000000eab00000)
  object space 68608K, 78% used [0x00000000c0000000,0x00000000c34e7c38,0x00000000c4300000)
 Metaspace       used 54694K, committed 55872K, reserved 1114112K
  class space    used 5722K, committed 6208K, reserved 1048576K
}
Event: 33.187 GC heap after
{Heap after GC invocations=33 (full 2):
 PSYoungGen      total 16384K, used 2502K [0x00000000eab00000, 0x00000000ebe80000, 0x0000000100000000)
  eden space 13824K, 0% used [0x00000000eab00000,0x00000000eab00000,0x00000000eb880000)
  from space 2560K, 97% used [0x00000000eb900000,0x00000000ebb71b88,0x00000000ebb80000)
  to   space 3072K, 0% used [0x00000000ebb80000,0x00000000ebb80000,0x00000000ebe80000)
 ParOldGen       total 68608K, used 55584K [0x00000000c0000000, 0x00000000c4300000, 0x00000000eab00000)
  object space 68608K, 81% used [0x00000000c0000000,0x00000000c3648190,0x00000000c4300000)
 Metaspace       used 54694K, committed 55872K, reserved 1114112K
  class space    used 5722K, committed 6208K, reserved 1048576K
}
Event: 33.847 GC heap before
{Heap before GC invocations=34 (full 2):
 PSYoungGen      total 16384K, used 16326K [0x00000000eab00000, 0x00000000ebe80000, 0x0000000100000000)
  eden space 13824K, 99% used [0x00000000eab00000,0x00000000eb87ffd0,0x00000000eb880000)
  from space 2560K, 97% used [0x00000000eb900000,0x00000000ebb71b88,0x00000000ebb80000)
  to   space 3072K, 0% used [0x00000000ebb80000,0x00000000ebb80000,0x00000000ebe80000)
 ParOldGen       total 68608K, used 55584K [0x00000000c0000000, 0x00000000c4300000, 0x00000000eab00000)
  object space 68608K, 81% used [0x00000000c0000000,0x00000000c3648190,0x00000000c4300000)
 Metaspace       used 55305K, committed 56576K, reserved 1114112K
  class space    used 5773K, committed 6336K, reserved 1048576K
}
Event: 33.857 GC heap after
{Heap after GC invocations=34 (full 2):
 PSYoungGen      total 16384K, used 2337K [0x00000000eab00000, 0x00000000ebe00000, 0x0000000100000000)
  eden space 13824K, 0% used [0x00000000eab00000,0x00000000eab00000,0x00000000eb880000)
  from space 2560K, 91% used [0x00000000ebb80000,0x00000000ebdc8698,0x00000000ebe00000)
  to   space 2560K, 0% used [0x00000000eb900000,0x00000000eb900000,0x00000000ebb80000)
 ParOldGen       total 68608K, used 57113K [0x00000000c0000000, 0x00000000c4300000, 0x00000000eab00000)
  object space 68608K, 83% used [0x00000000c0000000,0x00000000c37c6478,0x00000000c4300000)
 Metaspace       used 55305K, committed 56576K, reserved 1114112K
  class space    used 5773K, committed 6336K, reserved 1048576K
}

